size 13
Partition 1
Nodes: 100 81 80 49 79 16 78 17 77 50- 76 82 44 83- 11 84 12 439 45 83 46 51 13 50 14 49- 15 48 
Access List: 100 81 80 49 79 16 78 17 77 50- 76 82 44 83- 11 84 12 439 45 83 46 51 13 50 14 49- 15 48 connectedTo: 
connections: 

Partition 2
Nodes: 116 389 152 137 392 151 175 162 211 173 212 174 229 186 230 401 212- 400 221 405 403 406 407 228 
Access List: 116 389 152 137 392 151 175 162 211 173 212 174 229 186 230 401 212- 400 221 405 403 406 407 228 connectedTo: 
connections: 

Partition 3
Nodes: 128 139 140 153 
Access List: 128 139 140 153 connectedTo: 
connections: 

Partition 4
Nodes: 2 35 3 67 36 68 
Access List: 2 35 3 67 36 68 connectedTo: 
connections: 

Partition 5
Nodes: 236 262 264 263 
Access List: 236 262 264 263 connectedTo: 
connections: 

Partition 6
Nodes: 25 58 26 59 27 60 
Access List: 25 58 26 59 27 60 connectedTo: 
connections: 

Partition 7
Nodes: 280 426 283 440 309 308 339 283- 433 284 348 310 349 311 350 340 
Access List: 280 426 283 440 309 308 339 283- 433 284 348 310 349 311 350 340 connectedTo: 
connections: 

Partition 8
Nodes: 37 4 69 5 70 38 
Access List: 37 4 69 5 70 38 connectedTo: 
connections: 

Partition 9
Nodes: 379 96 380 64 97 65 
Access List: 379 96 380 64 97 65 connectedTo: 
connections: 

Partition 10
Nodes: 52 53 84- 85 
Access List: 52 53 84- 85 connectedTo: 
connections: 

Partition 11
Nodes: 54 86 55 87 
Access List: 54 86 55 87 connectedTo: 
connections: 

Partition 12
Nodes: 56 57 88 58- 89 90 
Access List: 56 57 88 58- 89 90 connectedTo: 
connections: 

Partition 13
Nodes: 62 94 63 95 
Access List: 62 94 63 95 connectedTo: 
connections: 

