SameTours: 1
CROSSOVER 51515 51255 51255 0 1 
CROSSOVER 51255 51255 51255 1 2 
CROSSOVER 51255 51691 51206 2 3 
CROSSOVER 51691 51255 51206 3 4 
CROSSOVER 51255 51255 51255 4 5 
CROSSOVER 51255 51255 51255 5 6 
CROSSOVER 51255 51255 51255 6 7 
CROSSOVER 51255 51173 51173 7 8 
CROSSOVER 51173 51365 51173 8 9 
CROSSOVER 51365 51515 51365 9 0 
SameTours: 2
CROSSOVER 51255 51365 51255 0 1 
CROSSOVER 51365 51255 51255 1 2 
CROSSOVER 51255 51255 51255 2 3 
CROSSOVER 51255 51206 51206 3 4 
CROSSOVER 51206 51255 51206 4 5 
CROSSOVER 51255 51255 51255 5 6 
CROSSOVER 51255 51206 51206 6 7 
CROSSOVER 51206 51173 51153 7 8 
CROSSOVER 51173 51173 51173 8 9 
CROSSOVER 51173 51255 51173 9 0 
SameTours: 2
CROSSOVER 51255 51173 51173 0 1 
CROSSOVER 51173 51255 51173 1 2 
CROSSOVER 51255 51206 51206 2 3 
CROSSOVER 51206 51255 51206 3 4 
CROSSOVER 51255 51206 51206 4 5 
CROSSOVER 51206 51255 51206 5 6 
CROSSOVER 51255 51173 51173 6 7 
CROSSOVER 51173 51206 51153 7 8 
CROSSOVER 51206 51153 51153 8 9 
CROSSOVER 51153 51255 51153 9 0 
SameTours: 3
CROSSOVER 51153 51153 51153 0 1 
CROSSOVER 51153 51173 51153 1 2 
CROSSOVER 51173 51206 51153 2 3 
CROSSOVER 51206 51153 51153 3 4 
CROSSOVER 51153 51173 51153 4 5 
CROSSOVER 51173 51173 51173 5 6 
CROSSOVER 51173 51206 51153 6 7 
CROSSOVER 51206 51206 51206 7 8 
CROSSOVER 51206 51206 51206 8 9 
CROSSOVER 51206 51153 51153 9 0 
SameTours: 7
CROSSOVER 51153 51153 51153 0 1 
CROSSOVER 51153 51153 51153 1 2 
CROSSOVER 51153 51173 51153 2 3 
CROSSOVER 51173 51153 51153 3 4 
CROSSOVER 51153 51153 51153 4 5 
CROSSOVER 51153 51206 51153 5 6 
CROSSOVER 51206 51153 51153 6 7 
CROSSOVER 51153 51206 51153 7 8 
CROSSOVER 51206 51153 51153 8 9 
CROSSOVER 51153 51153 51153 9 0 
