SameTours: 5
CROSSOVER 51396 51396 51396 0 1 
CROSSOVER 51396 51313 51313 1 2 
CROSSOVER 51313 51313 51313 2 3 
CROSSOVER 51313 51396 51313 3 4 
CROSSOVER 51396 51313 51313 4 5 
CROSSOVER 51313 51313 51313 5 6 
CROSSOVER 51313 51396 51313 6 7 
CROSSOVER 51396 51396 51396 7 8 
CROSSOVER 51396 51313 51313 8 9 
CROSSOVER 51313 51396 51313 9 0 
SameTours: 8
CROSSOVER 51313 51313 51313 0 1 
CROSSOVER 51313 51313 51313 1 2 
CROSSOVER 51313 51313 51313 2 3 
CROSSOVER 51313 51313 51313 3 4 
CROSSOVER 51313 51396 51313 4 5 
CROSSOVER 51396 51313 51313 5 6 
CROSSOVER 51313 51313 51313 6 7 
CROSSOVER 51313 51396 51313 7 8 
CROSSOVER 51396 51313 51313 8 9 
CROSSOVER 51313 51313 51313 9 0 
