SameTours: 3
CROSSOVER 51080 51249 51080 0 1 
CROSSOVER 51249 51156 51156 1 2 
CROSSOVER 51156 51080 51080 2 3 
CROSSOVER 51080 51173 51080 3 4 
CROSSOVER 51173 51080 51080 4 5 
CROSSOVER 51080 51173 51080 5 6 
CROSSOVER 51173 51256 51168 6 7 
CROSSOVER 51256 51249 51249 7 8 
CROSSOVER 51249 51626 51249 8 9 
CROSSOVER 51626 51080 51080 9 0 
SameTours: 6
CROSSOVER 51249 51249 51249 0 1 
CROSSOVER 51249 51080 51080 1 2 
CROSSOVER 51080 51080 51080 2 3 
CROSSOVER 51080 51080 51080 3 4 
CROSSOVER 51080 51080 51080 4 5 
CROSSOVER 51080 51080 51080 5 6 
CROSSOVER 51080 51080 51080 6 7 
CROSSOVER 51080 51168 51080 7 8 
CROSSOVER 51168 51156 51156 8 9 
CROSSOVER 51156 51249 51156 9 0 
SameTours: 7
CROSSOVER 51249 51080 51080 0 1 
CROSSOVER 51080 51080 51080 1 2 
CROSSOVER 51080 51080 51080 2 3 
CROSSOVER 51080 51156 51080 3 4 
CROSSOVER 51156 51156 51156 4 5 
CROSSOVER 51156 51080 51080 5 6 
CROSSOVER 51080 51080 51080 6 7 
CROSSOVER 51080 51080 51080 7 8 
CROSSOVER 51080 51080 51080 8 9 
CROSSOVER 51080 51249 51080 9 0 
SameTours: 9
CROSSOVER 51080 51080 51080 0 1 
CROSSOVER 51080 51156 51080 1 2 
CROSSOVER 51156 51080 51080 2 3 
CROSSOVER 51080 51080 51080 3 4 
CROSSOVER 51080 51080 51080 4 5 
CROSSOVER 51080 51080 51080 5 6 
CROSSOVER 51080 51080 51080 6 7 
CROSSOVER 51080 51080 51080 7 8 
CROSSOVER 51080 51080 51080 8 9 
CROSSOVER 51080 51080 51080 9 0 
